<?xml version="1.0" encoding="UTF-8"?>
<!-- Generated by org.testng.reporters.JUnitReportReporter -->
<testsuite hostname="DESKTOP-G3JJQCP" failures="0" tests="10" name="com.APITest.TelecomApi" time="21.521" errors="0" timestamp="2024-12-31T18:54:17 IST" skipped="0">
  <testcase classname="com.APITest.TelecomApi" name="testAddUser" time="8.689"/>
  <system-out/>
  <testcase classname="com.APITest.TelecomApi" name="testGetUserProfile" time="1.397"/>
  <system-out/>
  <testcase classname="com.APITest.TelecomApi" name="testUpdateUser" time="1.431"/>
  <system-out/>
  <testcase classname="com.APITest.TelecomApi" name="testLoginUser" time="1.547"/>
  <system-out/>
  <testcase classname="com.APITest.TelecomApi" name="testAddContact" time="1.443"/>
  <system-out/>
  <testcase classname="com.APITest.TelecomApi" name="testGetContactList" time="1.393"/>
  <system-out/>
  <testcase classname="com.APITest.TelecomApi" name="testGetContactById" time="1.358"/>
  <system-out/>
  <testcase classname="com.APITest.TelecomApi" name="testUpdateContact" time="1.495"/>
  <system-out/>
  <testcase classname="com.APITest.TelecomApi" name="testUpdatePartialContact" time="1.402"/>
  <system-out/>
  <testcase classname="com.APITest.TelecomApi" name="testLogoutUser" time="1.366"/>
  <system-out/>
</testsuite> <!-- com.APITest.TelecomApi -->
